<?xml version="1.0" encoding="UTF-8"?>
<!-- Generated by org.testng.reporters.JUnitXMLReporter -->
<testsuite ignored="3" hostname="Udaya" failures="1" tests="2" name="Test" time="6.263" errors="0" timestamp="2025-08-18T18:50:24 IST">
  <testcase classname="com.flipkart.MobilesStepdefinition" name="clickOnTodaysDeals" time="1.872">
    <failure type="java.lang.AssertionError" message="123 expected:&amp;lt;321&amp;gt; but was:&amp;lt;Strings are not equals&amp;gt;">
      <![CDATA[java.lang.AssertionError: 123 expected:<321> but was:<Strings are not equals>
at com.flipkart.MobilesStepdefinition.clickOnTodaysDeals(MobilesStepdefinition.java:75)
at java.base/java.util.ArrayList.forEach(ArrayList.java:1596)
... Removed 26 stack frames]]>
    </failure>
  </testcase> <!-- clickOnTodaysDeals -->
  <testcase classname="com.flipkart.MobilesStepdefinition" name="validateProductWithPercentage" time="0.405"/>
  <testcase classname="com.flipkart.MobilesStepdefinition" name="addProductToCart" time="0.0">
    <ignored/>
  </testcase> <!-- addProductToCart -->
  <testcase classname="com.flipkart.MobilesStepdefinition" name="validateAppleRelatedProducts" time="0.0">
    <ignored/>
  </testcase> <!-- validateAppleRelatedProducts -->
  <testcase classname="com.flipkart.MobilesStepdefinition" name="select3rdProduct" time="0.0">
    <ignored/>
  </testcase> <!-- select3rdProduct -->
</testsuite> <!-- Test -->
